0 verbose cli /usr/bin/node-22 /usr/bin/npm
1 info using npm@10.9.2
2 info using node@v22.17.0
3 silly config load:file:/usr/lib/node_modules_22/npm/npmrc
4 silly config load:file:/home/abdulrahman/.npmrc
5 silly config load:file:/etc/npmrc
6 verbose title npm install
7 verbose argv "install"
8 verbose logfile logs-max:10 dir:/home/abdulrahman/.npm/_logs/2025-08-08T17_44_57_638Z-
9 verbose logfile /home/abdulrahman/.npm/_logs/2025-08-08T17_44_57_638Z-debug-0.log
10 silly logfile start cleaning logs, removing 1 files
11 silly packumentCache heap:4345298944 maxSize:1086324736 maxEntrySize:543162368
12 silly logfile done cleaning log files
13 silly idealTree buildDeps
14 silly reify moves {}
15 silly audit bulk request {
15 silly audit   '@ampproject/remapping': [ '2.3.0' ],
15 silly audit   '@babel/code-frame': [ '7.27.1' ],
15 silly audit   '@babel/compat-data': [ '7.28.0' ],
15 silly audit   '@babel/core': [ '7.28.0' ],
15 silly audit   debug: [ '4.4.1', '2.6.9' ],
15 silly audit   ms: [ '2.1.3', '2.0.0' ],
15 silly audit   '@babel/generator': [ '7.28.0' ],
15 silly audit   '@babel/helper-compilation-targets': [ '7.27.2' ],
15 silly audit   '@babel/helper-globals': [ '7.28.0' ],
15 silly audit   '@babel/helper-module-imports': [ '7.27.1' ],
15 silly audit   '@babel/helper-module-transforms': [ '7.27.3' ],
15 silly audit   '@babel/helper-plugin-utils': [ '7.27.1' ],
15 silly audit   '@babel/helper-string-parser': [ '7.27.1' ],
15 silly audit   '@babel/helper-validator-identifier': [ '7.27.1' ],
15 silly audit   '@babel/helper-validator-option': [ '7.27.1' ],
15 silly audit   '@babel/helpers': [ '7.28.2' ],
15 silly audit   '@babel/parser': [ '7.28.0' ],
15 silly audit   '@babel/plugin-syntax-async-generators': [ '7.8.4' ],
15 silly audit   '@babel/plugin-syntax-bigint': [ '7.8.3' ],
15 silly audit   '@babel/plugin-syntax-class-properties': [ '7.12.13' ],
15 silly audit   '@babel/plugin-syntax-class-static-block': [ '7.14.5' ],
15 silly audit   '@babel/plugin-syntax-import-attributes': [ '7.27.1' ],
15 silly audit   '@babel/plugin-syntax-import-meta': [ '7.10.4' ],
15 silly audit   '@babel/plugin-syntax-json-strings': [ '7.8.3' ],
15 silly audit   '@babel/plugin-syntax-jsx': [ '7.27.1' ],
15 silly audit   '@babel/plugin-syntax-logical-assignment-operators': [ '7.10.4' ],
15 silly audit   '@babel/plugin-syntax-nullish-coalescing-operator': [ '7.8.3' ],
15 silly audit   '@babel/plugin-syntax-numeric-separator': [ '7.10.4' ],
15 silly audit   '@babel/plugin-syntax-object-rest-spread': [ '7.8.3' ],
15 silly audit   '@babel/plugin-syntax-optional-catch-binding': [ '7.8.3' ],
15 silly audit   '@babel/plugin-syntax-optional-chaining': [ '7.8.3' ],
15 silly audit   '@babel/plugin-syntax-private-property-in-object': [ '7.14.5' ],
15 silly audit   '@babel/plugin-syntax-top-level-await': [ '7.14.5' ],
15 silly audit   '@babel/plugin-syntax-typescript': [ '7.27.1' ],
15 silly audit   '@babel/template': [ '7.27.2' ],
15 silly audit   '@babel/traverse': [ '7.28.0' ],
15 silly audit   '@babel/types': [ '7.28.2' ],
15 silly audit   '@bcoe/v8-coverage': [ '0.2.3' ],
15 silly audit   '@istanbuljs/load-nyc-config': [ '1.1.0' ],
15 silly audit   '@istanbuljs/schema': [ '0.1.3' ],
15 silly audit   '@jest/console': [ '29.7.0' ],
15 silly audit   '@jest/core': [ '29.7.0' ],
15 silly audit   '@jest/environment': [ '29.7.0' ],
15 silly audit   '@jest/expect': [ '29.7.0' ],
15 silly audit   '@jest/expect-utils': [ '29.7.0' ],
15 silly audit   '@jest/fake-timers': [ '29.7.0' ],
15 silly audit   '@jest/globals': [ '29.7.0' ],
15 silly audit   '@jest/reporters': [ '29.7.0' ],
15 silly audit   '@jest/schemas': [ '29.6.3' ],
15 silly audit   '@jest/source-map': [ '29.6.3' ],
15 silly audit   '@jest/test-result': [ '29.7.0' ],
15 silly audit   '@jest/test-sequencer': [ '29.7.0' ],
15 silly audit   '@jest/transform': [ '29.7.0' ],
15 silly audit   '@jest/types': [ '29.6.3' ],
15 silly audit   '@jridgewell/gen-mapping': [ '0.3.12' ],
15 silly audit   '@jridgewell/resolve-uri': [ '3.1.2' ],
15 silly audit   '@jridgewell/sourcemap-codec': [ '1.5.4' ],
15 silly audit   '@jridgewell/trace-mapping': [ '0.3.29' ],
15 silly audit   '@mongodb-js/saslprep': [ '1.3.0' ],
15 silly audit   '@noble/hashes': [ '1.8.0' ],
15 silly audit   '@paralleldrive/cuid2': [ '2.2.2' ],
15 silly audit   '@sinclair/typebox': [ '0.27.8' ],
15 silly audit   '@sinonjs/commons': [ '3.0.1' ],
15 silly audit   '@sinonjs/fake-timers': [ '10.3.0' ],
15 silly audit   '@types/babel__core': [ '7.20.5' ],
15 silly audit   '@types/babel__generator': [ '7.27.0' ],
15 silly audit   '@types/babel__template': [ '7.4.4' ],
15 silly audit   '@types/babel__traverse': [ '7.28.0' ],
15 silly audit   '@types/graceful-fs': [ '4.1.9' ],
15 silly audit   '@types/istanbul-lib-coverage': [ '2.0.6' ],
15 silly audit   '@types/istanbul-lib-report': [ '3.0.3' ],
15 silly audit   '@types/istanbul-reports': [ '3.0.4' ],
15 silly audit   '@types/node': [ '24.2.1' ],
15 silly audit   '@types/stack-utils': [ '2.0.3' ],
15 silly audit   '@types/webidl-conversions': [ '7.0.3' ],
15 silly audit   '@types/whatwg-url': [ '11.0.5', '8.2.2' ],
15 silly audit   '@types/yargs': [ '17.0.33' ],
15 silly audit   '@types/yargs-parser': [ '21.0.3' ],
15 silly audit   accepts: [ '1.3.8' ],
15 silly audit   'agent-base': [ '7.1.4' ],
15 silly audit   'ansi-escapes': [ '4.3.2' ],
15 silly audit   'ansi-regex': [ '5.0.1' ],
15 silly audit   'ansi-styles': [ '4.3.0', '5.2.0' ],
15 silly audit   anymatch: [ '3.1.3' ],
15 silly audit   'append-field': [ '1.0.0' ],
15 silly audit   argparse: [ '1.0.10' ],
15 silly audit   'array-flatten': [ '1.1.1' ],
15 silly audit   asap: [ '2.0.6' ],
15 silly audit   'async-mutex': [ '0.4.1' ],
15 silly audit   asynckit: [ '0.4.0' ],
15 silly audit   b4a: [ '1.6.7' ],
15 silly audit   'babel-jest': [ '29.7.0' ],
15 silly audit   'babel-plugin-istanbul': [ '6.1.1' ],
15 silly audit   'istanbul-lib-instrument': [ '5.2.1', '6.0.3' ],
15 silly audit   'babel-plugin-jest-hoist': [ '29.6.3' ],
15 silly audit   'babel-preset-current-node-syntax': [ '1.2.0' ],
15 silly audit   'babel-preset-jest': [ '29.6.3' ],
15 silly audit   'balanced-match': [ '1.0.2' ],
15 silly audit   'bare-events': [ '2.6.1' ],
15 silly audit   bcryptjs: [ '3.0.2' ],
15 silly audit   'binary-extensions': [ '2.3.0' ],
15 silly audit   'body-parser': [ '1.20.3' ],
15 silly audit   'brace-expansion': [ '1.1.12' ],
15 silly audit   braces: [ '3.0.3' ],
15 silly audit   browserslist: [ '4.25.1' ],
15 silly audit   bser: [ '2.1.1' ],
15 silly audit   bson: [ '6.10.4', '5.5.1' ],
15 silly audit   'buffer-crc32': [ '0.2.13' ],
15 silly audit   'buffer-equal-constant-time': [ '1.0.1' ],
15 silly audit   'buffer-from': [ '1.1.2' ],
15 silly audit   busboy: [ '1.6.0' ],
15 silly audit   bytes: [ '3.1.2' ],
15 silly audit   'call-bind-apply-helpers': [ '1.0.2' ],
15 silly audit   'call-bound': [ '1.0.4' ],
15 silly audit   callsites: [ '3.1.0' ],
15 silly audit   camelcase: [ '5.3.1', '6.3.0' ],
15 silly audit   'caniuse-lite': [ '1.0.30001733' ],
15 silly audit   chalk: [ '4.1.2' ],
15 silly audit   'char-regex': [ '1.0.2' ],
15 silly audit   chokidar: [ '3.6.0' ],
15 silly audit   'ci-info': [ '3.9.0' ],
15 silly audit   'cjs-module-lexer': [ '1.4.3' ],
15 silly audit   cliui: [ '8.0.1' ],
15 silly audit   cloudinary: [ '2.7.0' ],
15 silly audit   co: [ '4.6.0' ],
15 silly audit   'collect-v8-coverage': [ '1.0.2' ],
15 silly audit   'color-convert': [ '2.0.1' ],
15 silly audit   'color-name': [ '1.1.4' ],
15 silly audit   'combined-stream': [ '1.0.8' ],
15 silly audit   commondir: [ '1.0.1' ],
15 silly audit   'component-emitter': [ '1.3.1' ],
15 silly audit   'concat-map': [ '0.0.1' ],
15 silly audit   'concat-stream': [ '1.6.2' ],
15 silly audit   'content-disposition': [ '0.5.4' ],
15 silly audit   'content-type': [ '1.0.5' ],
15 silly audit   'convert-source-map': [ '2.0.0' ],
15 silly audit   cookie: [ '0.7.1' ],
15 silly audit   'cookie-signature': [ '1.0.6' ],
15 silly audit   cookiejar: [ '2.1.4' ],
15 silly audit   'core-util-is': [ '1.0.3' ],
15 silly audit   cors: [ '2.8.5' ],
15 silly audit   'create-jest': [ '29.7.0' ],
15 silly audit   'cross-spawn': [ '7.0.6' ],
15 silly audit   dedent: [ '1.6.0' ],
15 silly audit   deepmerge: [ '4.3.1' ],
15 silly audit   'delayed-stream': [ '1.0.0' ],
15 silly audit   depd: [ '2.0.0' ],
15 silly audit   destroy: [ '1.2.0' ],
15 silly audit   'detect-newline': [ '3.1.0' ],
15 silly audit   dezalgo: [ '1.0.4' ],
15 silly audit   'diff-sequences': [ '29.6.3' ],
15 silly audit   dotenv: [ '16.6.1' ],
15 silly audit   'dunder-proto': [ '1.0.1' ],
15 silly audit   'ecdsa-sig-formatter': [ '1.0.11' ],
15 silly audit   'ee-first': [ '1.1.1' ],
15 silly audit   'electron-to-chromium': [ '1.5.199' ],
15 silly audit   emittery: [ '0.13.1' ],
15 silly audit   'emoji-regex': [ '8.0.0' ],
15 silly audit   encodeurl: [ '2.0.0', '1.0.2' ],
15 silly audit   'error-ex': [ '1.3.2' ],
15 silly audit   'es-define-property': [ '1.0.1' ],
15 silly audit   'es-errors': [ '1.3.0' ],
15 silly audit   'es-object-atoms': [ '1.1.1' ],
15 silly audit   'es-set-tostringtag': [ '2.1.0' ],
15 silly audit   escalade: [ '3.2.0' ],
15 silly audit   'escape-html': [ '1.0.3' ],
15 silly audit   'escape-string-regexp': [ '2.0.0' ],
15 silly audit   esprima: [ '4.0.1' ],
15 silly audit   etag: [ '1.8.1' ],
15 silly audit   execa: [ '5.1.1' ],
15 silly audit   exit: [ '0.1.2' ],
15 silly audit   expect: [ '29.7.0' ],
15 silly audit   express: [ '4.21.2' ],
15 silly audit   'express-validator': [ '7.2.1' ],
15 silly audit   'fast-fifo': [ '1.3.2' ],
15 silly audit   'fast-json-stable-stringify': [ '2.1.0' ],
15 silly audit   'fast-safe-stringify': [ '2.1.1' ],
15 silly audit   'fb-watchman': [ '2.0.2' ],
15 silly audit   'fill-range': [ '7.1.1' ],
15 silly audit   finalhandler: [ '1.3.1' ],
15 silly audit   'find-cache-dir': [ '3.3.2' ],
15 silly audit   'make-dir': [ '3.1.0', '4.0.0' ],
15 silly audit   'find-up': [ '4.1.0' ],
15 silly audit   'follow-redirects': [ '1.15.11' ],
15 silly audit   'form-data': [ '4.0.4' ],
15 silly audit   formidable: [ '3.5.4' ],
15 silly audit   forwarded: [ '0.2.0' ],
15 silly audit   fresh: [ '0.5.2' ],
15 silly audit   'fs.realpath': [ '1.0.0' ],
15 silly audit   fsevents: [ '2.3.3' ],
15 silly audit   'function-bind': [ '1.1.2' ],
15 silly audit   gensync: [ '1.0.0-beta.2' ],
15 silly audit   'get-caller-file': [ '2.0.5' ],
15 silly audit   'get-intrinsic': [ '1.3.0' ],
15 silly audit   'get-package-type': [ '0.1.0' ],
15 silly audit   'get-proto': [ '1.0.1' ],
15 silly audit   'get-stream': [ '6.0.1' ],
15 silly audit   glob: [ '7.2.3' ],
15 silly audit   'glob-parent': [ '5.1.2' ],
15 silly audit   gopd: [ '1.2.0' ],
15 silly audit   'graceful-fs': [ '4.2.11' ],
15 silly audit   'has-flag': [ '4.0.0', '3.0.0' ],
15 silly audit   'has-symbols': [ '1.1.0' ],
15 silly audit   'has-tostringtag': [ '1.0.2' ],
15 silly audit   hasown: [ '2.0.2' ],
15 silly audit   'html-escaper': [ '2.0.2' ],
15 silly audit   'http-errors': [ '2.0.0' ],
15 silly audit   'https-proxy-agent': [ '7.0.6' ],
15 silly audit   'human-signals': [ '2.1.0' ],
15 silly audit   'iconv-lite': [ '0.4.24' ],
15 silly audit   'ignore-by-default': [ '1.0.1' ],
15 silly audit   'import-local': [ '3.2.0' ],
15 silly audit   imurmurhash: [ '0.1.4' ],
15 silly audit   inflight: [ '1.0.6' ],
15 silly audit   inherits: [ '2.0.4' ],
15 silly audit   'ip-address': [ '9.0.5' ],
15 silly audit   'sprintf-js': [ '1.1.3', '1.0.3' ],
15 silly audit   'ipaddr.js': [ '1.9.1' ],
15 silly audit   'is-arrayish': [ '0.2.1' ],
15 silly audit   'is-binary-path': [ '2.1.0' ],
15 silly audit   'is-core-module': [ '2.16.1' ],
15 silly audit   'is-extglob': [ '2.1.1' ],
15 silly audit   'is-fullwidth-code-point': [ '3.0.0' ],
15 silly audit   'is-generator-fn': [ '2.1.0' ],
15 silly audit   'is-glob': [ '4.0.3' ],
15 silly audit   'is-number': [ '7.0.0' ],
15 silly audit   'is-stream': [ '2.0.1' ],
15 silly audit   isarray: [ '1.0.0' ],
15 silly audit   isexe: [ '2.0.0' ],
15 silly audit   'istanbul-lib-coverage': [ '3.2.2' ],
15 silly audit   semver: [ '7.7.2', '6.3.1' ],
15 silly audit   'istanbul-lib-report': [ '3.0.1' ],
15 silly audit   'istanbul-lib-source-maps': [ '4.0.1' ],
15 silly audit   'istanbul-reports': [ '3.1.7' ],
15 silly audit   jest: [ '29.7.0' ],
15 silly audit   'jest-changed-files': [ '29.7.0' ],
15 silly audit   'jest-circus': [ '29.7.0' ],
15 silly audit   'jest-cli': [ '29.7.0' ],
15 silly audit   'jest-config': [ '29.7.0' ],
15 silly audit   'jest-diff': [ '29.7.0' ],
15 silly audit   'jest-docblock': [ '29.7.0' ],
15 silly audit   'jest-each': [ '29.7.0' ],
15 silly audit   'jest-environment-node': [ '29.7.0' ],
15 silly audit   'jest-get-type': [ '29.6.3' ],
15 silly audit   'jest-haste-map': [ '29.7.0' ],
15 silly audit   'jest-leak-detector': [ '29.7.0' ],
15 silly audit   'jest-matcher-utils': [ '29.7.0' ],
15 silly audit   'jest-message-util': [ '29.7.0' ],
15 silly audit   'jest-mock': [ '29.7.0' ],
15 silly audit   'jest-pnp-resolver': [ '1.2.3' ],
15 silly audit   'jest-regex-util': [ '29.6.3' ],
15 silly audit   'jest-resolve': [ '29.7.0' ],
15 silly audit   'jest-resolve-dependencies': [ '29.7.0' ],
15 silly audit   'jest-runner': [ '29.7.0' ],
15 silly audit   'jest-runtime': [ '29.7.0' ],
15 silly audit   'jest-snapshot': [ '29.7.0' ],
15 silly audit   'jest-util': [ '29.7.0' ],
15 silly audit   'jest-validate': [ '29.7.0' ],
15 silly audit   'jest-watcher': [ '29.7.0' ],
15 silly audit   'jest-worker': [ '29.7.0' ],
15 silly audit   'supports-color': [ '8.1.1', '5.5.0', '7.2.0' ],
15 silly audit   'js-tokens': [ '4.0.0' ],
15 silly audit   'js-yaml': [ '3.14.1' ],
15 silly audit   jsbn: [ '1.1.0' ],
15 silly audit   jsesc: [ '3.1.0' ],
15 silly audit   'json-parse-even-better-errors': [ '2.3.1' ],
15 silly audit   json5: [ '2.2.3' ],
15 silly audit   jsonwebtoken: [ '9.0.2' ],
15 silly audit   jwa: [ '1.4.2' ],
15 silly audit   jws: [ '3.2.2' ],
15 silly audit   kareem: [ '2.6.3' ],
15 silly audit   kleur: [ '3.0.3' ],
15 silly audit   leven: [ '3.1.0' ],
15 silly audit   'lines-and-columns': [ '1.2.4' ],
15 silly audit   'locate-path': [ '5.0.0' ],
15 silly audit   lodash: [ '4.17.21' ],
15 silly audit   'lodash.includes': [ '4.3.0' ],
15 silly audit   'lodash.isboolean': [ '3.0.3' ],
15 silly audit   'lodash.isinteger': [ '4.0.4' ],
15 silly audit   'lodash.isnumber': [ '3.0.3' ],
15 silly audit   'lodash.isplainobject': [ '4.0.6' ],
15 silly audit   'lodash.isstring': [ '4.0.1' ],
15 silly audit   'lodash.once': [ '4.1.1' ],
15 silly audit   'lru-cache': [ '5.1.1' ],
15 silly audit   makeerror: [ '1.0.12' ],
15 silly audit   'math-intrinsics': [ '1.1.0' ],
15 silly audit   'media-typer': [ '0.3.0' ],
15 silly audit   'memory-pager': [ '1.5.0' ],
15 silly audit   'merge-descriptors': [ '1.0.3' ],
15 silly audit   'merge-stream': [ '2.0.0' ],
15 silly audit   methods: [ '1.1.2' ],
15 silly audit   micromatch: [ '4.0.8' ],
15 silly audit   mime: [ '1.6.0', '2.6.0' ],
15 silly audit   'mime-db': [ '1.52.0' ],
15 silly audit   'mime-types': [ '2.1.35' ],
15 silly audit   'mimic-fn': [ '2.1.0' ],
15 silly audit   minimatch: [ '3.1.2' ],
15 silly audit   minimist: [ '1.2.8' ],
15 silly audit   mkdirp: [ '0.5.6' ],
15 silly audit   mongodb: [ '6.18.0', '5.9.2' ],
15 silly audit   'mongodb-connection-string-url': [ '3.0.2', '2.6.0' ],
15 silly audit   'mongodb-memory-server': [ '9.5.0' ],
15 silly audit   'mongodb-memory-server-core': [ '9.5.0' ],
15 silly audit   tr46: [ '3.0.0', '5.1.1' ],
15 silly audit   'whatwg-url': [ '11.0.0', '14.2.0' ],
15 silly audit   mongoose: [ '8.17.1' ],
15 silly audit   mpath: [ '0.9.0' ],
15 silly audit   mquery: [ '5.0.0' ],
15 silly audit   multer: [ '1.4.5-lts.2' ],
15 silly audit   'natural-compare': [ '1.4.0' ],
15 silly audit   negotiator: [ '0.6.3' ],
15 silly audit   'new-find-package-json': [ '2.0.0' ],
15 silly audit   'node-int64': [ '0.4.0' ],
15 silly audit   'node-releases': [ '2.0.19' ],
15 silly audit   nodemailer: [ '6.10.1' ],
15 silly audit   nodemon: [ '3.1.10' ],
15 silly audit   'normalize-path': [ '3.0.0' ],
15 silly audit   'npm-run-path': [ '4.0.1' ],
15 silly audit   'object-assign': [ '4.1.1' ],
15 silly audit   'object-inspect': [ '1.13.4' ],
15 silly audit   'on-finished': [ '2.4.1' ],
15 silly audit   once: [ '1.4.0' ],
15 silly audit   onetime: [ '5.1.2' ],
15 silly audit   'p-limit': [ '3.1.0', '2.3.0' ],
15 silly audit   'p-locate': [ '4.1.0' ],
15 silly audit   'p-try': [ '2.2.0' ],
15 silly audit   'parse-json': [ '5.2.0' ],
15 silly audit   parseurl: [ '1.3.3' ],
15 silly audit   'path-exists': [ '4.0.0' ],
15 silly audit   'path-is-absolute': [ '1.0.1' ],
15 silly audit   'path-key': [ '3.1.1' ],
15 silly audit   'path-parse': [ '1.0.7' ],
15 silly audit   'path-to-regexp': [ '0.1.12' ],
15 silly audit   pend: [ '1.2.0' ],
15 silly audit   picocolors: [ '1.1.1' ],
15 silly audit   picomatch: [ '2.3.1' ],
15 silly audit   pirates: [ '4.0.7' ],
15 silly audit   'pkg-dir': [ '4.2.0' ],
15 silly audit   'pretty-format': [ '29.7.0' ],
15 silly audit   'process-nextick-args': [ '2.0.1' ],
15 silly audit   prompts: [ '2.4.2' ],
15 silly audit   'proxy-addr': [ '2.0.7' ],
15 silly audit   'pstree.remy': [ '1.1.8' ],
15 silly audit   punycode: [ '2.3.1' ],
15 silly audit   'pure-rand': [ '6.1.0' ],
15 silly audit   q: [ '1.5.1' ],
15 silly audit   qs: [ '6.13.0' ],
15 silly audit   'range-parser': [ '1.2.1' ],
15 silly audit   'raw-body': [ '2.5.2' ],
15 silly audit   'react-is': [ '18.3.1' ],
15 silly audit   'readable-stream': [ '2.3.8' ],
15 silly audit   'safe-buffer': [ '5.1.2', '5.2.1' ],
15 silly audit   readdirp: [ '3.6.0' ],
15 silly audit   'require-directory': [ '2.1.1' ],
15 silly audit   resolve: [ '1.22.10' ],
15 silly audit   'resolve-cwd': [ '3.0.0' ],
15 silly audit   'resolve-from': [ '5.0.0' ],
15 silly audit   'resolve.exports': [ '2.0.3' ],
15 silly audit   'safer-buffer': [ '2.1.2' ],
15 silly audit   send: [ '0.19.0' ],
15 silly audit   'serve-static': [ '1.16.2' ],
15 silly audit   setprototypeof: [ '1.2.0' ],
15 silly audit   'shebang-command': [ '2.0.0' ],
15 silly audit   'shebang-regex': [ '3.0.0' ],
15 silly audit   'side-channel': [ '1.1.0' ],
15 silly audit   'side-channel-list': [ '1.0.0' ],
15 silly audit   'side-channel-map': [ '1.0.1' ],
15 silly audit   'side-channel-weakmap': [ '1.0.2' ],
15 silly audit   sift: [ '17.1.3' ],
15 silly audit   'signal-exit': [ '3.0.7' ],
15 silly audit   'simple-update-notifier': [ '2.0.0' ],
15 silly audit   sisteransi: [ '1.0.5' ],
15 silly audit   slash: [ '3.0.0' ],
15 silly audit   'smart-buffer': [ '4.2.0' ],
15 silly audit   socks: [ '2.8.6' ],
15 silly audit   'source-map': [ '0.6.1' ],
15 silly audit   'source-map-support': [ '0.5.13' ],
15 silly audit   'sparse-bitfield': [ '3.0.3' ],
15 silly audit   'stack-utils': [ '2.0.6' ],
15 silly audit   statuses: [ '2.0.1' ],
15 silly audit   streamsearch: [ '1.1.0' ],
15 silly audit   streamx: [ '2.22.1' ],
15 silly audit   string_decoder: [ '1.1.1' ],
15 silly audit   'string-length': [ '4.0.2' ],
15 silly audit   'string-width': [ '4.2.3' ],
15 silly audit   'strip-ansi': [ '6.0.1' ],
15 silly audit   'strip-bom': [ '4.0.0' ],
15 silly audit   'strip-final-newline': [ '2.0.0' ],
15 silly audit   'strip-json-comments': [ '3.1.1' ],
15 silly audit   superagent: [ '10.2.3' ],
15 silly audit   supertest: [ '7.1.4' ],
15 silly audit   'supports-preserve-symlinks-flag': [ '1.0.0' ],
15 silly audit   'tar-stream': [ '3.1.7' ],
15 silly audit   'test-exclude': [ '6.0.0' ],
15 silly audit   'text-decoder': [ '1.2.3' ],
15 silly audit   tmpl: [ '1.0.5' ],
15 silly audit   'to-regex-range': [ '5.0.1' ],
15 silly audit   toidentifier: [ '1.0.1' ],
15 silly audit   touch: [ '3.1.1' ],
15 silly audit   tslib: [ '2.8.1' ],
15 silly audit   'type-detect': [ '4.0.8' ],
15 silly audit   'type-fest': [ '0.21.3' ],
15 silly audit   'type-is': [ '1.6.18' ],
15 silly audit   typedarray: [ '0.0.6' ],
15 silly audit   undefsafe: [ '2.0.5' ],
15 silly audit   'undici-types': [ '7.10.0' ],
15 silly audit   unpipe: [ '1.0.0' ],
15 silly audit   'update-browserslist-db': [ '1.1.3' ],
15 silly audit   'util-deprecate': [ '1.0.2' ],
15 silly audit   'utils-merge': [ '1.0.1' ],
15 silly audit   'v8-to-istanbul': [ '9.3.0' ],
15 silly audit   validator: [ '13.12.0' ],
15 silly audit   vary: [ '1.1.2' ],
15 silly audit   walker: [ '1.0.8' ],
15 silly audit   'webidl-conversions': [ '7.0.0' ],
15 silly audit   which: [ '2.0.2' ],
15 silly audit   'wrap-ansi': [ '7.0.0' ],
15 silly audit   wrappy: [ '1.0.2' ],
15 silly audit   'write-file-atomic': [ '4.0.2' ],
15 silly audit   xtend: [ '4.0.2' ],
15 silly audit   y18n: [ '5.0.8' ],
15 silly audit   yallist: [ '3.1.1' ],
15 silly audit   yargs: [ '17.7.2' ],
15 silly audit   'yargs-parser': [ '21.1.1' ],
15 silly audit   yauzl: [ '3.2.0' ],
15 silly audit   'yocto-queue': [ '0.1.0' ]
15 silly audit }
16 verbose reify failed optional dependency /home/abdulrahman/node_modules/fsevents
17 silly reify mark deleted [ '/home/abdulrahman/node_modules/fsevents' ]
18 http fetch POST 200 https://registry.npmjs.org/-/npm/v1/security/advisories/bulk 615ms
19 silly audit report {}
20 silly ADD
21 verbose cwd /home/abdulrahman
22 verbose os Linux 6.15.7-200.fc42.x86_64
23 verbose node v22.17.0
24 verbose npm  v10.9.2
25 verbose exit 0
26 info ok
